# JRE version: OpenJDK Runtime Environment (20.0.2+9) (build 20.0.2+9-Ubuntu-0ubuntu123.04)
# Java VM: OpenJDK 64-Bit Server VM (20.0.2+9-Ubuntu-0ubuntu123.04, mixed mode, sharing, tiered, compressed oops, compressed class ptrs, g1 gc, linux-amd64)
GC Precious Log:
 CardTable entry size: 512
 Card Set container configuration: InlinePtr #cards 5 size 8 Array Of Cards #cards 12 size 40 Howl #buckets 4 coarsen threshold 1843 Howl Bitmap #cards 512 size 80 coarsen threshold 460 Card regions per heap region 1 cards per card region 2048
 CPUs: 4 total, 4 available
 Memory: 3684M
 Large Page Support: Disabled
 NUMA Support: Disabled
 Compressed Oops: Enabled (32-bit)
 Heap Region Size: 1M
 Heap Min Capacity: 8M
 Heap Initial Capacity: 58M
 Heap Max Capacity: 922M
 Pre-touch: Disabled
 Parallel Workers: 4
 Concurrent Workers: 1
 Concurrent Refinement Workers: 4
 Periodic GC: Disabled
Heap:
 garbage-first heap   total 37888K, used 18709K [0x00000000c6600000, 0x0000000100000000)
  region size 1024K, 15 young (15360K), 3 survivors (3072K)
 Metaspace       used 26610K, committed 26880K, reserved 1114112K
  class space    used 3099K, committed 3200K, reserved 1048576K
GC Heap History (6 events):
Event: 7.001 GC heap before
{Heap before GC invocations=0 (full 0):
 garbage-first heap   total 61440K, used 16368K [0x00000000c6600000, 0x0000000100000000)
  region size 1024K, 13 young (13312K), 0 survivors (0K)
 Metaspace       used 11758K, committed 11968K, reserved 1114112K
  class space    used 1254K, committed 1344K, reserved 1048576K
}
Event: 7.007 GC heap after
{Heap after GC invocations=1 (full 0):
 garbage-first heap   total 61440K, used 5799K [0x00000000c6600000, 0x0000000100000000)
  region size 1024K, 2 young (2048K), 2 survivors (2048K)
 Metaspace       used 11758K, committed 11968K, reserved 1114112K
  class space    used 1254K, committed 1344K, reserved 1048576K
}
Event: 7.720 GC heap before
{Heap before GC invocations=1 (full 0):
 garbage-first heap   total 61440K, used 18087K [0x00000000c6600000, 0x0000000100000000)
  region size 1024K, 15 young (15360K), 2 survivors (2048K)
 Metaspace       used 21298K, committed 21504K, reserved 1114112K
  class space    used 2324K, committed 2432K, reserved 1048576K
}
Event: 7.726 GC heap after
{Heap after GC invocations=2 (full 0):
 garbage-first heap   total 61440K, used 8104K [0x00000000c6600000, 0x0000000100000000)
  region size 1024K, 2 young (2048K), 2 survivors (2048K)
 Metaspace       used 21298K, committed 21504K, reserved 1114112K
  class space    used 2324K, committed 2432K, reserved 1048576K
}
Event: 7.726 GC heap before
{Heap before GC invocations=2 (full 0):
 garbage-first heap   total 61440K, used 8104K [0x00000000c6600000, 0x0000000100000000)
  region size 1024K, 3 young (3072K), 2 survivors (2048K)
 Metaspace       used 21301K, committed 21504K, reserved 1114112K
  class space    used 2324K, committed 2432K, reserved 1048576K
}
Event: 7.729 GC heap after
{Heap after GC invocations=3 (full 0):
 garbage-first heap   total 61440K, used 8469K [0x00000000c6600000, 0x0000000100000000)
  region size 1024K, 3 young (3072K), 3 survivors (3072K)
 Metaspace       used 21301K, committed 21504K, reserved 1114112K
  class space    used 2324K, committed 2432K, reserved 1048576K
}

